*** Using Compiler 'V5.06 update 6 (build 750)', folder: 'E:\IDE\keil\ARM\ARMCC\Bin'
Build target 'TaskCreat'
assembling startup_stm32f103xe.s...
compiling gpio.c...
compiling stm32f1xx_hal_gpio.c...
compiling usart.c...
compiling freertos.c...
compiling stm32f1xx_hal_pwr.c...
compiling stm32f1xx_hal_flash.c...
compiling stm32f1xx_hal_cortex.c...
compiling stm32f1xx_hal_timebase_tim.c...
compiling stm32f1xx_hal_rcc_ex.c...
compiling croutine.c...
compiling stm32f1xx_hal_msp.c...
compiling stm32f1xx_hal_gpio_ex.c...
compiling stm32f1xx_it.c...
compiling event_groups.c...
compiling list.c...
compiling stm32f1xx_hal.c...
compiling queue.c...
compiling stream_buffer.c...
compiling stm32f1xx_hal_dma.c...
compiling timers.c...
compiling heap_4.c...
compiling stm32f1xx_hal_rcc.c...
compiling tasks.c...
compiling main.c...
compiling port.c...
compiling cmsis_os.c...
compiling system_stm32f1xx.c...
compiling stm32f1xx_hal_exti.c...
compiling stm32f1xx_hal_uart.c...
compiling stm32f1xx_hal_flash_ex.c...
compiling stm32f1xx_hal_tim_ex.c...
compiling stm32f1xx_hal_tim.c...
linking...
Program Size: Code=7288 RO-data=476 RW-data=124 ZI-data=8244  
FromELF: creating hex file...
"TaskCreat\TaskCreat.axf" - 0 Error(s), 0 Warning(s).
Build Time Elapsed:  00:00:16
